2024-05-15T02:36:42Z [SpawnerBubaku] SpawnerBubaku started!
2024-05-15T02:36:42Z [SpawnerBubaku] Created trigger Bunker South Trigger Lvl1 at 4006.961670 39.441139 8156.195801 ori: 0 0 0
2024-05-15T02:36:42Z [SpawnerBubaku] Added trigger to pool 1
2024-05-15T02:36:42Z [SpawnerBubaku] Created trigger Bunker South Trigger Lvl1 2 at 3995.010498 36.134556 8220.761719 ori: 0 0 0
2024-05-15T02:36:42Z [SpawnerBubaku] Added trigger to pool 2
2024-05-15T02:36:42Z [SpawnerBubaku] Created trigger Bunker South Trigger Lvl1 3 at 3982.508301 36.142437 8321.395508 ori: 0 0 0
2024-05-15T02:36:42Z [SpawnerBubaku] Added trigger to pool 3
2024-05-15T02:36:42Z [SpawnerBubaku] Created trigger Bunker South Trigger Lvl1 4 at 4074.528564 43.815228 8561.942383 ori: 0 0 0
2024-05-15T02:36:42Z [SpawnerBubaku] Added trigger to pool 4
2024-05-15T02:36:42Z [SpawnerBubaku] Created trigger Bunker South Trigger Lvl1 5 at 3995.804199 36.128029 8423.504883 ori: 0 0 0
2024-05-15T02:36:42Z [SpawnerBubaku] Added trigger to pool 5
2024-05-15T02:36:42Z [SpawnerBubaku] Created trigger Bunker South Trigger Lvl1 6 at 3968.105225 26.370317 8331.210938 ori: 0 0 0
2024-05-15T02:36:42Z [SpawnerBubaku] Added trigger to pool 6
2024-05-15T02:36:42Z [SpawnerBubaku] Created trigger Bunker South Trigger Lvl1 7 at 4003.291504 31.394072 8306.698242 ori: 0 0 0
2024-05-15T02:36:42Z [SpawnerBubaku] Added trigger to pool 7
2024-05-15T02:36:42Z [SpawnerBubaku] Created trigger Bunker South Trigger Lvl1 8 at 3953.878418 26.237793 8360.188477 ori: 0 0 0
2024-05-15T02:36:42Z [SpawnerBubaku] Added trigger to pool 8
2024-05-15T03:05:30Z [SpawnerBubaku] SpawnerBubaku started!
2024-05-15T03:05:30Z [SpawnerBubaku] Created trigger Bunker South Trigger Lvl1 at 4006.961670 39.441139 8156.195801 ori: 0 0 0
2024-05-15T03:05:30Z [SpawnerBubaku] Added trigger to pool 1
2024-05-15T03:05:30Z [SpawnerBubaku] Created trigger Bunker South Trigger Lvl1 2 at 3995.010498 36.134556 8220.761719 ori: 0 0 0
2024-05-15T03:05:30Z [SpawnerBubaku] Added trigger to pool 2
2024-05-15T03:05:30Z [SpawnerBubaku] Created trigger Bunker South Trigger Lvl1 3 at 3982.508301 36.142437 8321.395508 ori: 0 0 0
2024-05-15T03:05:30Z [SpawnerBubaku] Added trigger to pool 3
2024-05-15T03:05:30Z [SpawnerBubaku] Created trigger Bunker South Trigger Lvl1 4 at 4074.528564 43.815228 8561.942383 ori: 0 0 0
2024-05-15T03:05:30Z [SpawnerBubaku] Added trigger to pool 4
2024-05-15T03:05:30Z [SpawnerBubaku] Created trigger Bunker South Trigger Lvl1 5 at 3995.804199 36.128029 8423.504883 ori: 0 0 0
2024-05-15T03:05:30Z [SpawnerBubaku] Added trigger to pool 5
2024-05-15T03:05:30Z [SpawnerBubaku] Created trigger Bunker South Trigger Lvl1 6 at 3968.105225 26.370317 8331.210938 ori: 0 0 0
2024-05-15T03:05:30Z [SpawnerBubaku] Added trigger to pool 6
2024-05-15T03:05:30Z [SpawnerBubaku] Created trigger Bunker South Trigger Lvl1 7 at 4003.291504 31.394072 8306.698242 ori: 0 0 0
2024-05-15T03:05:30Z [SpawnerBubaku] Added trigger to pool 7
2024-05-15T03:05:30Z [SpawnerBubaku] Created trigger Bunker South Trigger Lvl1 8 at 3953.878418 26.237793 8360.188477 ori: 0 0 0
2024-05-15T03:05:30Z [SpawnerBubaku] Added trigger to pool 8
2024-05-15T03:14:03Z [SpawnerBubaku] SpawnerBubaku started!
2024-05-15T03:14:03Z [SpawnerBubaku] Created trigger Bunker South Trigger Lvl1 at 4006.961670 39.441139 8156.195801 ori: 0 0 0
2024-05-15T03:14:03Z [SpawnerBubaku] Added trigger to pool 1
2024-05-15T03:14:03Z [SpawnerBubaku] Created trigger Bunker South Trigger Lvl1 2 at 3995.010498 36.134556 8220.761719 ori: 0 0 0
2024-05-15T03:14:03Z [SpawnerBubaku] Added trigger to pool 2
2024-05-15T03:14:03Z [SpawnerBubaku] Created trigger Bunker South Trigger Lvl1 3 at 3982.508301 36.142437 8321.395508 ori: 0 0 0
2024-05-15T03:14:03Z [SpawnerBubaku] Added trigger to pool 3
2024-05-15T03:14:03Z [SpawnerBubaku] Created trigger Bunker South Trigger Lvl1 4 at 4074.528564 43.815228 8561.942383 ori: 0 0 0
2024-05-15T03:14:03Z [SpawnerBubaku] Added trigger to pool 4
2024-05-15T03:14:03Z [SpawnerBubaku] Created trigger Bunker South Trigger Lvl1 5 at 3995.804199 36.128029 8423.504883 ori: 0 0 0
2024-05-15T03:14:03Z [SpawnerBubaku] Added trigger to pool 5
2024-05-15T03:14:03Z [SpawnerBubaku] Created trigger Bunker South Trigger Lvl1 6 at 3968.105225 26.370317 8331.210938 ori: 0 0 0
2024-05-15T03:14:03Z [SpawnerBubaku] Added trigger to pool 6
2024-05-15T03:14:03Z [SpawnerBubaku] Created trigger Bunker South Trigger Lvl1 7 at 4003.291504 31.394072 8306.698242 ori: 0 0 0
2024-05-15T03:14:03Z [SpawnerBubaku] Added trigger to pool 7
2024-05-15T03:14:03Z [SpawnerBubaku] Created trigger Bunker South Trigger Lvl1 8 at 3953.878418 26.237793 8360.188477 ori: 0 0 0
2024-05-15T03:14:03Z [SpawnerBubaku] Added trigger to pool 8
2024-05-15T03:15:52Z [SpawnerBubaku] SpawnerBubaku started!
2024-05-15T03:15:52Z [SpawnerBubaku] Created trigger Bunker South Trigger Lvl1 at 4006.961670 39.441139 8156.195801 ori: 0 0 0
2024-05-15T03:15:52Z [SpawnerBubaku] Added trigger to pool 1
2024-05-15T03:15:52Z [SpawnerBubaku] Created trigger Bunker South Trigger Lvl1 2 at 3995.010498 36.134556 8220.761719 ori: 0 0 0
2024-05-15T03:15:52Z [SpawnerBubaku] Added trigger to pool 2
2024-05-15T03:15:52Z [SpawnerBubaku] Created trigger Bunker South Trigger Lvl1 3 at 3982.508301 36.142437 8321.395508 ori: 0 0 0
2024-05-15T03:15:52Z [SpawnerBubaku] Added trigger to pool 3
2024-05-15T03:15:52Z [SpawnerBubaku] Created trigger Bunker South Trigger Lvl1 4 at 4074.528564 43.815228 8561.942383 ori: 0 0 0
2024-05-15T03:15:52Z [SpawnerBubaku] Added trigger to pool 4
2024-05-15T03:15:52Z [SpawnerBubaku] Created trigger Bunker South Trigger Lvl1 5 at 3995.804199 36.128029 8423.504883 ori: 0 0 0
2024-05-15T03:15:52Z [SpawnerBubaku] Added trigger to pool 5
2024-05-15T03:15:52Z [SpawnerBubaku] Created trigger Bunker South Trigger Lvl1 6 at 3968.105225 26.370317 8331.210938 ori: 0 0 0
2024-05-15T03:15:52Z [SpawnerBubaku] Added trigger to pool 6
2024-05-15T03:15:52Z [SpawnerBubaku] Created trigger Bunker South Trigger Lvl1 7 at 4003.291504 31.394072 8306.698242 ori: 0 0 0
2024-05-15T03:15:52Z [SpawnerBubaku] Added trigger to pool 7
2024-05-15T03:15:52Z [SpawnerBubaku] Created trigger Bunker South Trigger Lvl1 8 at 3953.878418 26.237793 8360.188477 ori: 0 0 0
2024-05-15T03:15:52Z [SpawnerBubaku] Added trigger to pool 8
2024-05-15T04:12:51Z [SpawnerBubaku] SpawnerBubaku started!
2024-05-15T04:12:51Z [SpawnerBubaku] Created trigger Bunker South Trigger Lvl1 at 4006.961670 39.441139 8156.195801 ori: 0 0 0
2024-05-15T04:12:51Z [SpawnerBubaku] Added trigger to pool 1
2024-05-15T04:12:51Z [SpawnerBubaku] Created trigger Bunker South Trigger Lvl1 2 at 3995.010498 36.134556 8220.761719 ori: 0 0 0
2024-05-15T04:12:51Z [SpawnerBubaku] Added trigger to pool 2
2024-05-15T04:12:51Z [SpawnerBubaku] Created trigger Bunker South Trigger Lvl1 3 at 3982.508301 36.142437 8321.395508 ori: 0 0 0
2024-05-15T04:12:51Z [SpawnerBubaku] Added trigger to pool 3
2024-05-15T04:12:51Z [SpawnerBubaku] Created trigger Bunker South Trigger Lvl1 4 at 4074.528564 43.815228 8561.942383 ori: 0 0 0
2024-05-15T04:12:51Z [SpawnerBubaku] Added trigger to pool 4
2024-05-15T04:12:51Z [SpawnerBubaku] Created trigger Bunker South Trigger Lvl1 5 at 3995.804199 36.128029 8423.504883 ori: 0 0 0
2024-05-15T04:12:51Z [SpawnerBubaku] Added trigger to pool 5
2024-05-15T04:12:51Z [SpawnerBubaku] Created trigger Bunker South Trigger Lvl1 6 at 3968.105225 26.370317 8331.210938 ori: 0 0 0
2024-05-15T04:12:51Z [SpawnerBubaku] Added trigger to pool 6
2024-05-15T04:12:51Z [SpawnerBubaku] Created trigger Bunker South Trigger Lvl1 7 at 4003.291504 31.394072 8306.698242 ori: 0 0 0
2024-05-15T04:12:51Z [SpawnerBubaku] Added trigger to pool 7
2024-05-15T04:12:51Z [SpawnerBubaku] Created trigger Bunker South Trigger Lvl1 8 at 3953.878418 26.237793 8360.188477 ori: 0 0 0
2024-05-15T04:12:51Z [SpawnerBubaku] Added trigger to pool 8
2024-05-17T07:34:32Z [SpawnerBubaku] SpawnerBubaku started!
2024-05-17T07:34:32Z [SpawnerBubaku] Created trigger Bunker South Trigger Lvl1 at 4006.961670 39.441139 8156.195801 ori: 0 0 0
2024-05-17T07:34:32Z [SpawnerBubaku] Added trigger to pool 1
2024-05-17T07:34:32Z [SpawnerBubaku] Created trigger Bunker South Trigger Lvl1 2 at 3995.010498 36.134556 8220.761719 ori: 0 0 0
2024-05-17T07:34:32Z [SpawnerBubaku] Added trigger to pool 2
2024-05-17T07:34:32Z [SpawnerBubaku] Created trigger Bunker South Trigger Lvl1 3 at 3982.508301 36.142437 8321.395508 ori: 0 0 0
2024-05-17T07:34:32Z [SpawnerBubaku] Added trigger to pool 3
2024-05-17T07:34:32Z [SpawnerBubaku] Created trigger Bunker South Trigger Lvl1 4 at 4074.528564 43.815228 8561.942383 ori: 0 0 0
2024-05-17T07:34:32Z [SpawnerBubaku] Added trigger to pool 4
2024-05-17T07:34:32Z [SpawnerBubaku] Created trigger Bunker South Trigger Lvl1 5 at 3995.804199 36.128029 8423.504883 ori: 0 0 0
2024-05-17T07:34:32Z [SpawnerBubaku] Added trigger to pool 5
2024-05-17T07:34:32Z [SpawnerBubaku] Created trigger Bunker South Trigger Lvl1 6 at 3968.105225 26.370317 8331.210938 ori: 0 0 0
2024-05-17T07:34:32Z [SpawnerBubaku] Added trigger to pool 6
2024-05-17T07:34:32Z [SpawnerBubaku] Created trigger Bunker South Trigger Lvl1 7 at 4003.291504 31.394072 8306.698242 ori: 0 0 0
2024-05-17T07:34:32Z [SpawnerBubaku] Added trigger to pool 7
2024-05-17T07:34:32Z [SpawnerBubaku] Created trigger Bunker South Trigger Lvl1 8 at 3953.878418 26.237793 8360.188477 ori: 0 0 0
2024-05-17T07:34:32Z [SpawnerBubaku] Added trigger to pool 8
2024-05-17T08:00:40Z [SpawnerBubaku] SpawnerBubaku started!
2024-05-17T08:00:40Z [SpawnerBubaku] Created trigger Bunker South Trigger Lvl1 at 4006.961670 39.441139 8156.195801 ori: 0 0 0
2024-05-17T08:00:40Z [SpawnerBubaku] Added trigger to pool 1
2024-05-17T08:00:40Z [SpawnerBubaku] Created trigger Bunker South Trigger Lvl1 2 at 3995.010498 36.134556 8220.761719 ori: 0 0 0
2024-05-17T08:00:40Z [SpawnerBubaku] Added trigger to pool 2
2024-05-17T08:00:40Z [SpawnerBubaku] Created trigger Bunker South Trigger Lvl1 3 at 3982.508301 36.142437 8321.395508 ori: 0 0 0
2024-05-17T08:00:40Z [SpawnerBubaku] Added trigger to pool 3
2024-05-17T08:00:40Z [SpawnerBubaku] Created trigger Bunker South Trigger Lvl1 4 at 4074.528564 43.815228 8561.942383 ori: 0 0 0
2024-05-17T08:00:40Z [SpawnerBubaku] Added trigger to pool 4
2024-05-17T08:00:40Z [SpawnerBubaku] Created trigger Bunker South Trigger Lvl1 5 at 3995.804199 36.128029 8423.504883 ori: 0 0 0
2024-05-17T08:00:40Z [SpawnerBubaku] Added trigger to pool 5
2024-05-17T08:00:40Z [SpawnerBubaku] Created trigger Bunker South Trigger Lvl1 6 at 3968.105225 26.370317 8331.210938 ori: 0 0 0
2024-05-17T08:00:40Z [SpawnerBubaku] Added trigger to pool 6
2024-05-17T08:00:40Z [SpawnerBubaku] Created trigger Bunker South Trigger Lvl1 7 at 4003.291504 31.394072 8306.698242 ori: 0 0 0
2024-05-17T08:00:40Z [SpawnerBubaku] Added trigger to pool 7
2024-05-17T08:00:40Z [SpawnerBubaku] Created trigger Bunker South Trigger Lvl1 8 at 3953.878418 26.237793 8360.188477 ori: 0 0 0
2024-05-17T08:00:40Z [SpawnerBubaku] Added trigger to pool 8
2024-05-17T08:02:50Z [SpawnerBubaku] SpawnerBubaku started!
2024-05-17T08:02:50Z [SpawnerBubaku] Created trigger Bunker South Trigger Lvl1 at 4006.961670 39.441139 8156.195801 ori: 0 0 0
2024-05-17T08:02:50Z [SpawnerBubaku] Added trigger to pool 1
2024-05-17T08:02:50Z [SpawnerBubaku] Created trigger Bunker South Trigger Lvl1 2 at 3995.010498 36.134556 8220.761719 ori: 0 0 0
2024-05-17T08:02:50Z [SpawnerBubaku] Added trigger to pool 2
2024-05-17T08:02:50Z [SpawnerBubaku] Created trigger Bunker South Trigger Lvl1 3 at 3982.508301 36.142437 8321.395508 ori: 0 0 0
2024-05-17T08:02:50Z [SpawnerBubaku] Added trigger to pool 3
2024-05-17T08:02:50Z [SpawnerBubaku] Created trigger Bunker South Trigger Lvl1 4 at 4074.528564 43.815228 8561.942383 ori: 0 0 0
2024-05-17T08:02:50Z [SpawnerBubaku] Added trigger to pool 4
2024-05-17T08:02:50Z [SpawnerBubaku] Created trigger Bunker South Trigger Lvl1 5 at 3995.804199 36.128029 8423.504883 ori: 0 0 0
2024-05-17T08:02:50Z [SpawnerBubaku] Added trigger to pool 5
2024-05-17T08:02:50Z [SpawnerBubaku] Created trigger Bunker South Trigger Lvl1 6 at 3968.105225 26.370317 8331.210938 ori: 0 0 0
2024-05-17T08:02:50Z [SpawnerBubaku] Added trigger to pool 6
2024-05-17T08:02:50Z [SpawnerBubaku] Created trigger Bunker South Trigger Lvl1 7 at 4003.291504 31.394072 8306.698242 ori: 0 0 0
2024-05-17T08:02:50Z [SpawnerBubaku] Added trigger to pool 7
2024-05-17T08:02:50Z [SpawnerBubaku] Created trigger Bunker South Trigger Lvl1 8 at 3953.878418 26.237793 8360.188477 ori: 0 0 0
2024-05-17T08:02:50Z [SpawnerBubaku] Added trigger to pool 8
2024-05-17T08:29:59Z [SpawnerBubaku] SpawnerBubaku started!
2024-05-17T08:29:59Z [SpawnerBubaku] Created trigger Bunker South Trigger Lvl1 at 4006.961670 39.441139 8156.195801 ori: 0 0 0
2024-05-17T08:29:59Z [SpawnerBubaku] Added trigger to pool 1
2024-05-17T08:29:59Z [SpawnerBubaku] Created trigger Bunker South Trigger Lvl1 2 at 3995.010498 36.134556 8220.761719 ori: 0 0 0
2024-05-17T08:29:59Z [SpawnerBubaku] Added trigger to pool 2
2024-05-17T08:29:59Z [SpawnerBubaku] Created trigger Bunker South Trigger Lvl1 3 at 3982.508301 36.142437 8321.395508 ori: 0 0 0
2024-05-17T08:29:59Z [SpawnerBubaku] Added trigger to pool 3
2024-05-17T08:29:59Z [SpawnerBubaku] Created trigger Bunker South Trigger Lvl1 4 at 4074.528564 43.815228 8561.942383 ori: 0 0 0
2024-05-17T08:29:59Z [SpawnerBubaku] Added trigger to pool 4
2024-05-17T08:29:59Z [SpawnerBubaku] Created trigger Bunker South Trigger Lvl1 5 at 3995.804199 36.128029 8423.504883 ori: 0 0 0
2024-05-17T08:29:59Z [SpawnerBubaku] Added trigger to pool 5
2024-05-17T08:29:59Z [SpawnerBubaku] Created trigger Bunker South Trigger Lvl1 6 at 3968.105225 26.370317 8331.210938 ori: 0 0 0
2024-05-17T08:29:59Z [SpawnerBubaku] Added trigger to pool 6
2024-05-17T08:29:59Z [SpawnerBubaku] Created trigger Bunker South Trigger Lvl1 7 at 4003.291504 31.394072 8306.698242 ori: 0 0 0
2024-05-17T08:29:59Z [SpawnerBubaku] Added trigger to pool 7
2024-05-17T08:29:59Z [SpawnerBubaku] Created trigger Bunker South Trigger Lvl1 8 at 3953.878418 26.237793 8360.188477 ori: 0 0 0
2024-05-17T08:29:59Z [SpawnerBubaku] Added trigger to pool 8
2024-05-17T11:54:15Z [SpawnerBubaku] SpawnerBubaku started!
2024-05-17T11:54:15Z [SpawnerBubaku] Created trigger Bunker South Trigger Lvl1 at 4006.961670 39.441139 8156.195801 ori: 0 0 0
2024-05-17T11:54:15Z [SpawnerBubaku] Added trigger to pool 1
2024-05-17T11:54:15Z [SpawnerBubaku] Created trigger Bunker South Trigger Lvl1 2 at 3995.010498 36.134556 8220.761719 ori: 0 0 0
2024-05-17T11:54:15Z [SpawnerBubaku] Added trigger to pool 2
2024-05-17T11:54:15Z [SpawnerBubaku] Created trigger Bunker South Trigger Lvl1 3 at 3982.508301 36.142437 8321.395508 ori: 0 0 0
2024-05-17T11:54:15Z [SpawnerBubaku] Added trigger to pool 3
2024-05-17T11:54:15Z [SpawnerBubaku] Created trigger Bunker South Trigger Lvl1 4 at 4074.528564 43.815228 8561.942383 ori: 0 0 0
2024-05-17T11:54:15Z [SpawnerBubaku] Added trigger to pool 4
2024-05-17T11:54:15Z [SpawnerBubaku] Created trigger Bunker South Trigger Lvl1 5 at 3995.804199 36.128029 8423.504883 ori: 0 0 0
2024-05-17T11:54:15Z [SpawnerBubaku] Added trigger to pool 5
2024-05-17T11:54:15Z [SpawnerBubaku] Created trigger Bunker South Trigger Lvl1 6 at 3968.105225 26.370317 8331.210938 ori: 0 0 0
2024-05-17T11:54:15Z [SpawnerBubaku] Added trigger to pool 6
2024-05-17T11:54:15Z [SpawnerBubaku] Created trigger Bunker South Trigger Lvl1 7 at 4003.291504 31.394072 8306.698242 ori: 0 0 0
2024-05-17T11:54:15Z [SpawnerBubaku] Added trigger to pool 7
2024-05-17T11:54:15Z [SpawnerBubaku] Created trigger Bunker South Trigger Lvl1 8 at 3953.878418 26.237793 8360.188477 ori: 0 0 0
2024-05-17T11:54:15Z [SpawnerBubaku] Added trigger to pool 8
2024-05-18T05:58:55Z [SpawnerBubaku] SpawnerBubaku started!
2024-05-18T05:58:55Z [SpawnerBubaku] Created trigger Bunker South Trigger Lvl1 at 4006.961670 39.441139 8156.195801 ori: 0 0 0
2024-05-18T05:58:55Z [SpawnerBubaku] Added trigger to pool 1
2024-05-18T05:58:55Z [SpawnerBubaku] Created trigger Bunker South Trigger Lvl1 2 at 3995.010498 36.134556 8220.761719 ori: 0 0 0
2024-05-18T05:58:55Z [SpawnerBubaku] Added trigger to pool 2
2024-05-18T05:58:55Z [SpawnerBubaku] Created trigger Bunker South Trigger Lvl1 3 at 3982.508301 36.142437 8321.395508 ori: 0 0 0
2024-05-18T05:58:55Z [SpawnerBubaku] Added trigger to pool 3
2024-05-18T05:58:55Z [SpawnerBubaku] Created trigger Bunker South Trigger Lvl1 4 at 4074.528564 43.815228 8561.942383 ori: 0 0 0
2024-05-18T05:58:55Z [SpawnerBubaku] Added trigger to pool 4
2024-05-18T05:58:55Z [SpawnerBubaku] Created trigger Bunker South Trigger Lvl1 5 at 3995.804199 36.128029 8423.504883 ori: 0 0 0
2024-05-18T05:58:55Z [SpawnerBubaku] Added trigger to pool 5
2024-05-18T05:58:55Z [SpawnerBubaku] Created trigger Bunker South Trigger Lvl1 6 at 3968.105225 26.370317 8331.210938 ori: 0 0 0
2024-05-18T05:58:55Z [SpawnerBubaku] Added trigger to pool 6
2024-05-18T05:58:55Z [SpawnerBubaku] Created trigger Bunker South Trigger Lvl1 7 at 4003.291504 31.394072 8306.698242 ori: 0 0 0
2024-05-18T05:58:55Z [SpawnerBubaku] Added trigger to pool 7
2024-05-18T05:58:55Z [SpawnerBubaku] Created trigger Bunker South Trigger Lvl1 8 at 3953.878418 26.237793 8360.188477 ori: 0 0 0
2024-05-18T05:58:55Z [SpawnerBubaku] Added trigger to pool 8
2024-05-18T05:59:34Z [SpawnerBubaku] SpawnerBubaku started!
2024-05-18T05:59:34Z [SpawnerBubaku] Created trigger Bunker South Trigger Lvl1 at 4006.961670 39.441139 8156.195801 ori: 0 0 0
2024-05-18T05:59:34Z [SpawnerBubaku] Added trigger to pool 1
2024-05-18T05:59:34Z [SpawnerBubaku] Created trigger Bunker South Trigger Lvl1 2 at 3995.010498 36.134556 8220.761719 ori: 0 0 0
2024-05-18T05:59:34Z [SpawnerBubaku] Added trigger to pool 2
2024-05-18T05:59:34Z [SpawnerBubaku] Created trigger Bunker South Trigger Lvl1 3 at 3982.508301 36.142437 8321.395508 ori: 0 0 0
2024-05-18T05:59:34Z [SpawnerBubaku] Added trigger to pool 3
2024-05-18T05:59:34Z [SpawnerBubaku] Created trigger Bunker South Trigger Lvl1 4 at 4074.528564 43.815228 8561.942383 ori: 0 0 0
2024-05-18T05:59:34Z [SpawnerBubaku] Added trigger to pool 4
2024-05-18T05:59:34Z [SpawnerBubaku] Created trigger Bunker South Trigger Lvl1 5 at 3995.804199 36.128029 8423.504883 ori: 0 0 0
2024-05-18T05:59:34Z [SpawnerBubaku] Added trigger to pool 5
2024-05-18T05:59:34Z [SpawnerBubaku] Created trigger Bunker South Trigger Lvl1 6 at 3968.105225 26.370317 8331.210938 ori: 0 0 0
2024-05-18T05:59:34Z [SpawnerBubaku] Added trigger to pool 6
2024-05-18T05:59:34Z [SpawnerBubaku] Created trigger Bunker South Trigger Lvl1 7 at 4003.291504 31.394072 8306.698242 ori: 0 0 0
2024-05-18T05:59:34Z [SpawnerBubaku] Added trigger to pool 7
2024-05-18T05:59:34Z [SpawnerBubaku] Created trigger Bunker South Trigger Lvl1 8 at 3953.878418 26.237793 8360.188477 ori: 0 0 0
2024-05-18T05:59:34Z [SpawnerBubaku] Added trigger to pool 8
2024-05-18T06:26:30Z [SpawnerBubaku] SpawnerBubaku started!
2024-05-18T06:26:30Z [SpawnerBubaku] Created trigger Bunker South Trigger Lvl1 at 4006.961670 39.441139 8156.195801 ori: 0 0 0
2024-05-18T06:26:30Z [SpawnerBubaku] Added trigger to pool 1
2024-05-18T06:26:30Z [SpawnerBubaku] Created trigger Bunker South Trigger Lvl1 2 at 3995.010498 36.134556 8220.761719 ori: 0 0 0
2024-05-18T06:26:30Z [SpawnerBubaku] Added trigger to pool 2
2024-05-18T06:26:30Z [SpawnerBubaku] Created trigger Bunker South Trigger Lvl1 3 at 3982.508301 36.142437 8321.395508 ori: 0 0 0
2024-05-18T06:26:30Z [SpawnerBubaku] Added trigger to pool 3
2024-05-18T06:26:30Z [SpawnerBubaku] Created trigger Bunker South Trigger Lvl1 4 at 4074.528564 43.815228 8561.942383 ori: 0 0 0
2024-05-18T06:26:30Z [SpawnerBubaku] Added trigger to pool 4
2024-05-18T06:26:30Z [SpawnerBubaku] Created trigger Bunker South Trigger Lvl1 5 at 3995.804199 36.128029 8423.504883 ori: 0 0 0
2024-05-18T06:26:30Z [SpawnerBubaku] Added trigger to pool 5
2024-05-18T06:26:30Z [SpawnerBubaku] Created trigger Bunker South Trigger Lvl1 6 at 3968.105225 26.370317 8331.210938 ori: 0 0 0
2024-05-18T06:26:30Z [SpawnerBubaku] Added trigger to pool 6
2024-05-18T06:26:30Z [SpawnerBubaku] Created trigger Bunker South Trigger Lvl1 7 at 4003.291504 31.394072 8306.698242 ori: 0 0 0
2024-05-18T06:26:30Z [SpawnerBubaku] Added trigger to pool 7
2024-05-18T06:26:30Z [SpawnerBubaku] Created trigger Bunker South Trigger Lvl1 8 at 3953.878418 26.237793 8360.188477 ori: 0 0 0
2024-05-18T06:26:30Z [SpawnerBubaku] Added trigger to pool 8
2024-05-19T07:47:22Z [SpawnerBubaku] SpawnerBubaku started!
2024-05-19T07:47:22Z [SpawnerBubaku] Created trigger Bunker South Trigger Lvl1 at 4006.961670 39.441139 8156.195801 ori: 0 0 0
2024-05-19T07:47:22Z [SpawnerBubaku] Added trigger to pool 1
2024-05-19T07:47:22Z [SpawnerBubaku] Created trigger Bunker South Trigger Lvl1 2 at 3995.010498 36.134556 8220.761719 ori: 0 0 0
2024-05-19T07:47:22Z [SpawnerBubaku] Added trigger to pool 2
2024-05-19T07:47:22Z [SpawnerBubaku] Created trigger Bunker South Trigger Lvl1 3 at 3982.508301 36.142437 8321.395508 ori: 0 0 0
2024-05-19T07:47:22Z [SpawnerBubaku] Added trigger to pool 3
2024-05-19T07:47:22Z [SpawnerBubaku] Created trigger Bunker South Trigger Lvl1 4 at 4074.528564 43.815228 8561.942383 ori: 0 0 0
2024-05-19T07:47:22Z [SpawnerBubaku] Added trigger to pool 4
2024-05-19T07:47:22Z [SpawnerBubaku] Created trigger Bunker South Trigger Lvl1 5 at 3995.804199 36.128029 8423.504883 ori: 0 0 0
2024-05-19T07:47:22Z [SpawnerBubaku] Added trigger to pool 5
2024-05-19T07:47:22Z [SpawnerBubaku] Created trigger Bunker South Trigger Lvl1 6 at 3968.105225 26.370317 8331.210938 ori: 0 0 0
2024-05-19T07:47:22Z [SpawnerBubaku] Added trigger to pool 6
2024-05-19T07:47:22Z [SpawnerBubaku] Created trigger Bunker South Trigger Lvl1 7 at 4003.291504 31.394072 8306.698242 ori: 0 0 0
2024-05-19T07:47:22Z [SpawnerBubaku] Added trigger to pool 7
2024-05-19T07:47:22Z [SpawnerBubaku] Created trigger Bunker South Trigger Lvl1 8 at 3953.878418 26.237793 8360.188477 ori: 0 0 0
2024-05-19T07:47:22Z [SpawnerBubaku] Added trigger to pool 8
2024-05-19T08:57:14Z [SpawnerBubaku] SpawnerBubaku started!
2024-05-19T08:57:14Z [SpawnerBubaku] Created trigger Bunker South Trigger Lvl1 at 4006.961670 39.441139 8156.195801 ori: 0 0 0
2024-05-19T08:57:14Z [SpawnerBubaku] Added trigger to pool 1
2024-05-19T08:57:14Z [SpawnerBubaku] Created trigger Bunker South Trigger Lvl1 2 at 3995.010498 36.134556 8220.761719 ori: 0 0 0
2024-05-19T08:57:14Z [SpawnerBubaku] Added trigger to pool 2
2024-05-19T08:57:14Z [SpawnerBubaku] Created trigger Bunker South Trigger Lvl1 3 at 3982.508301 36.142437 8321.395508 ori: 0 0 0
2024-05-19T08:57:14Z [SpawnerBubaku] Added trigger to pool 3
2024-05-19T08:57:14Z [SpawnerBubaku] Created trigger Bunker South Trigger Lvl1 4 at 4074.528564 43.815228 8561.942383 ori: 0 0 0
2024-05-19T08:57:14Z [SpawnerBubaku] Added trigger to pool 4
2024-05-19T08:57:14Z [SpawnerBubaku] Created trigger Bunker South Trigger Lvl1 5 at 3995.804199 36.128029 8423.504883 ori: 0 0 0
2024-05-19T08:57:14Z [SpawnerBubaku] Added trigger to pool 5
2024-05-19T08:57:14Z [SpawnerBubaku] Created trigger Bunker South Trigger Lvl1 6 at 3968.105225 26.370317 8331.210938 ori: 0 0 0
2024-05-19T08:57:14Z [SpawnerBubaku] Added trigger to pool 6
2024-05-19T08:57:14Z [SpawnerBubaku] Created trigger Bunker South Trigger Lvl1 7 at 4003.291504 31.394072 8306.698242 ori: 0 0 0
2024-05-19T08:57:14Z [SpawnerBubaku] Added trigger to pool 7
2024-05-19T08:57:14Z [SpawnerBubaku] Created trigger Bunker South Trigger Lvl1 8 at 3953.878418 26.237793 8360.188477 ori: 0 0 0
2024-05-19T08:57:14Z [SpawnerBubaku] Added trigger to pool 8
2024-05-19T09:04:41Z [SpawnerBubaku] SpawnerBubaku started!
2024-05-19T09:04:41Z [SpawnerBubaku] Created trigger Bunker South Trigger Lvl1 at 4006.961670 39.441139 8156.195801 ori: 0 0 0
2024-05-19T09:04:41Z [SpawnerBubaku] Added trigger to pool 1
2024-05-19T09:04:41Z [SpawnerBubaku] Created trigger Bunker South Trigger Lvl1 2 at 3995.010498 36.134556 8220.761719 ori: 0 0 0
2024-05-19T09:04:41Z [SpawnerBubaku] Added trigger to pool 2
2024-05-19T09:04:41Z [SpawnerBubaku] Created trigger Bunker South Trigger Lvl1 3 at 3982.508301 36.142437 8321.395508 ori: 0 0 0
2024-05-19T09:04:41Z [SpawnerBubaku] Added trigger to pool 3
2024-05-19T09:04:41Z [SpawnerBubaku] Created trigger Bunker South Trigger Lvl1 4 at 4074.528564 43.815228 8561.942383 ori: 0 0 0
2024-05-19T09:04:41Z [SpawnerBubaku] Added trigger to pool 4
2024-05-19T09:04:41Z [SpawnerBubaku] Created trigger Bunker South Trigger Lvl1 5 at 3995.804199 36.128029 8423.504883 ori: 0 0 0
2024-05-19T09:04:41Z [SpawnerBubaku] Added trigger to pool 5
2024-05-19T09:04:41Z [SpawnerBubaku] Created trigger Bunker South Trigger Lvl1 6 at 3968.105225 26.370317 8331.210938 ori: 0 0 0
2024-05-19T09:04:41Z [SpawnerBubaku] Added trigger to pool 6
2024-05-19T09:04:41Z [SpawnerBubaku] Created trigger Bunker South Trigger Lvl1 7 at 4003.291504 31.394072 8306.698242 ori: 0 0 0
2024-05-19T09:04:41Z [SpawnerBubaku] Added trigger to pool 7
2024-05-19T09:04:41Z [SpawnerBubaku] Created trigger Bunker South Trigger Lvl1 8 at 3953.878418 26.237793 8360.188477 ori: 0 0 0
2024-05-19T09:04:41Z [SpawnerBubaku] Added trigger to pool 8
2024-05-19T09:13:28Z [SpawnerBubaku] SpawnerBubaku started!
2024-05-19T09:13:28Z [SpawnerBubaku] Created trigger Bunker South Trigger Lvl1 at 4006.961670 39.441139 8156.195801 ori: 0 0 0
2024-05-19T09:13:28Z [SpawnerBubaku] Added trigger to pool 1
2024-05-19T09:13:28Z [SpawnerBubaku] Created trigger Bunker South Trigger Lvl1 2 at 3995.010498 36.134556 8220.761719 ori: 0 0 0
2024-05-19T09:13:28Z [SpawnerBubaku] Added trigger to pool 2
2024-05-19T09:13:28Z [SpawnerBubaku] Created trigger Bunker South Trigger Lvl1 3 at 3982.508301 36.142437 8321.395508 ori: 0 0 0
2024-05-19T09:13:28Z [SpawnerBubaku] Added trigger to pool 3
2024-05-19T09:13:28Z [SpawnerBubaku] Created trigger Bunker South Trigger Lvl1 4 at 4074.528564 43.815228 8561.942383 ori: 0 0 0
2024-05-19T09:13:28Z [SpawnerBubaku] Added trigger to pool 4
2024-05-19T09:13:28Z [SpawnerBubaku] Created trigger Bunker South Trigger Lvl1 5 at 3995.804199 36.128029 8423.504883 ori: 0 0 0
2024-05-19T09:13:28Z [SpawnerBubaku] Added trigger to pool 5
2024-05-19T09:13:28Z [SpawnerBubaku] Created trigger Bunker South Trigger Lvl1 6 at 3968.105225 26.370317 8331.210938 ori: 0 0 0
2024-05-19T09:13:28Z [SpawnerBubaku] Added trigger to pool 6
2024-05-19T09:13:28Z [SpawnerBubaku] Created trigger Bunker South Trigger Lvl1 7 at 4003.291504 31.394072 8306.698242 ori: 0 0 0
2024-05-19T09:13:28Z [SpawnerBubaku] Added trigger to pool 7
2024-05-19T09:13:28Z [SpawnerBubaku] Created trigger Bunker South Trigger Lvl1 8 at 3953.878418 26.237793 8360.188477 ori: 0 0 0
2024-05-19T09:13:28Z [SpawnerBubaku] Added trigger to pool 8
2024-05-19T09:27:11Z [SpawnerBubaku] SpawnerBubaku started!
2024-05-19T09:27:11Z [SpawnerBubaku] Created trigger Bunker South Trigger Lvl1 at 4006.961670 39.441139 8156.195801 ori: 0 0 0
2024-05-19T09:27:11Z [SpawnerBubaku] Added trigger to pool 1
2024-05-19T09:27:11Z [SpawnerBubaku] Created trigger Bunker South Trigger Lvl1 2 at 3995.010498 36.134556 8220.761719 ori: 0 0 0
2024-05-19T09:27:11Z [SpawnerBubaku] Added trigger to pool 2
2024-05-19T09:27:11Z [SpawnerBubaku] Created trigger Bunker South Trigger Lvl1 3 at 3982.508301 36.142437 8321.395508 ori: 0 0 0
2024-05-19T09:27:11Z [SpawnerBubaku] Added trigger to pool 3
2024-05-19T09:27:11Z [SpawnerBubaku] Created trigger Bunker South Trigger Lvl1 4 at 4074.528564 43.815228 8561.942383 ori: 0 0 0
2024-05-19T09:27:11Z [SpawnerBubaku] Added trigger to pool 4
2024-05-19T09:27:11Z [SpawnerBubaku] Created trigger Bunker South Trigger Lvl1 5 at 3995.804199 36.128029 8423.504883 ori: 0 0 0
2024-05-19T09:27:11Z [SpawnerBubaku] Added trigger to pool 5
2024-05-19T09:27:11Z [SpawnerBubaku] Created trigger Bunker South Trigger Lvl1 6 at 3968.105225 26.370317 8331.210938 ori: 0 0 0
2024-05-19T09:27:11Z [SpawnerBubaku] Added trigger to pool 6
2024-05-19T09:27:11Z [SpawnerBubaku] Created trigger Bunker South Trigger Lvl1 7 at 4003.291504 31.394072 8306.698242 ori: 0 0 0
2024-05-19T09:27:11Z [SpawnerBubaku] Added trigger to pool 7
2024-05-19T09:27:11Z [SpawnerBubaku] Created trigger Bunker South Trigger Lvl1 8 at 3953.878418 26.237793 8360.188477 ori: 0 0 0
2024-05-19T09:27:11Z [SpawnerBubaku] Added trigger to pool 8
2024-05-19T09:43:57Z [SpawnerBubaku] SpawnerBubaku started!
2024-05-19T09:43:57Z [SpawnerBubaku] Created trigger Bunker South Trigger Lvl1 at 4006.961670 39.441139 8156.195801 ori: 0 0 0
2024-05-19T09:43:57Z [SpawnerBubaku] Added trigger to pool 1
2024-05-19T09:43:57Z [SpawnerBubaku] Created trigger Bunker South Trigger Lvl1 2 at 3995.010498 36.134556 8220.761719 ori: 0 0 0
2024-05-19T09:43:57Z [SpawnerBubaku] Added trigger to pool 2
2024-05-19T09:43:57Z [SpawnerBubaku] Created trigger Bunker South Trigger Lvl1 3 at 3982.508301 36.142437 8321.395508 ori: 0 0 0
2024-05-19T09:43:57Z [SpawnerBubaku] Added trigger to pool 3
2024-05-19T09:43:57Z [SpawnerBubaku] Created trigger Bunker South Trigger Lvl1 4 at 4074.528564 43.815228 8561.942383 ori: 0 0 0
2024-05-19T09:43:57Z [SpawnerBubaku] Added trigger to pool 4
2024-05-19T09:43:57Z [SpawnerBubaku] Created trigger Bunker South Trigger Lvl1 5 at 3995.804199 36.128029 8423.504883 ori: 0 0 0
2024-05-19T09:43:57Z [SpawnerBubaku] Added trigger to pool 5
2024-05-19T09:43:57Z [SpawnerBubaku] Created trigger Bunker South Trigger Lvl1 6 at 3968.105225 26.370317 8331.210938 ori: 0 0 0
2024-05-19T09:43:57Z [SpawnerBubaku] Added trigger to pool 6
2024-05-19T09:43:57Z [SpawnerBubaku] Created trigger Bunker South Trigger Lvl1 7 at 4003.291504 31.394072 8306.698242 ori: 0 0 0
2024-05-19T09:43:57Z [SpawnerBubaku] Added trigger to pool 7
2024-05-19T09:43:57Z [SpawnerBubaku] Created trigger Bunker South Trigger Lvl1 8 at 3953.878418 26.237793 8360.188477 ori: 0 0 0
2024-05-19T09:43:57Z [SpawnerBubaku] Added trigger to pool 8
2024-05-19T09:56:07Z [SpawnerBubaku] SpawnerBubaku started!
2024-05-19T09:56:07Z [SpawnerBubaku] Created trigger Bunker South Trigger Lvl1 at 4006.961670 39.441139 8156.195801 ori: 0 0 0
2024-05-19T09:56:07Z [SpawnerBubaku] Added trigger to pool 1
2024-05-19T09:56:07Z [SpawnerBubaku] Created trigger Bunker South Trigger Lvl1 2 at 3995.010498 36.134556 8220.761719 ori: 0 0 0
2024-05-19T09:56:07Z [SpawnerBubaku] Added trigger to pool 2
2024-05-19T09:56:07Z [SpawnerBubaku] Created trigger Bunker South Trigger Lvl1 3 at 3982.508301 36.142437 8321.395508 ori: 0 0 0
2024-05-19T09:56:07Z [SpawnerBubaku] Added trigger to pool 3
2024-05-19T09:56:07Z [SpawnerBubaku] Created trigger Bunker South Trigger Lvl1 4 at 4074.528564 43.815228 8561.942383 ori: 0 0 0
2024-05-19T09:56:07Z [SpawnerBubaku] Added trigger to pool 4
2024-05-19T09:56:07Z [SpawnerBubaku] Created trigger Bunker South Trigger Lvl1 5 at 3995.804199 36.128029 8423.504883 ori: 0 0 0
2024-05-19T09:56:07Z [SpawnerBubaku] Added trigger to pool 5
2024-05-19T09:56:07Z [SpawnerBubaku] Created trigger Bunker South Trigger Lvl1 6 at 3968.105225 26.370317 8331.210938 ori: 0 0 0
2024-05-19T09:56:07Z [SpawnerBubaku] Added trigger to pool 6
2024-05-19T09:56:07Z [SpawnerBubaku] Created trigger Bunker South Trigger Lvl1 7 at 4003.291504 31.394072 8306.698242 ori: 0 0 0
2024-05-19T09:56:07Z [SpawnerBubaku] Added trigger to pool 7
2024-05-19T09:56:07Z [SpawnerBubaku] Created trigger Bunker South Trigger Lvl1 8 at 3953.878418 26.237793 8360.188477 ori: 0 0 0
2024-05-19T09:56:07Z [SpawnerBubaku] Added trigger to pool 8
2024-05-19T10:14:58Z [SpawnerBubaku] SpawnerBubaku started!
2024-05-19T10:14:58Z [SpawnerBubaku] Created trigger Bunker South Trigger Lvl1 at 4006.961670 39.441139 8156.195801 ori: 0 0 0
2024-05-19T10:14:58Z [SpawnerBubaku] Added trigger to pool 1
2024-05-19T10:14:58Z [SpawnerBubaku] Created trigger Bunker South Trigger Lvl1 2 at 3995.010498 36.134556 8220.761719 ori: 0 0 0
2024-05-19T10:14:58Z [SpawnerBubaku] Added trigger to pool 2
2024-05-19T10:14:58Z [SpawnerBubaku] Created trigger Bunker South Trigger Lvl1 3 at 3982.508301 36.142437 8321.395508 ori: 0 0 0
2024-05-19T10:14:58Z [SpawnerBubaku] Added trigger to pool 3
2024-05-19T10:14:58Z [SpawnerBubaku] Created trigger Bunker South Trigger Lvl1 4 at 4074.528564 43.815228 8561.942383 ori: 0 0 0
2024-05-19T10:14:58Z [SpawnerBubaku] Added trigger to pool 4
2024-05-19T10:14:58Z [SpawnerBubaku] Created trigger Bunker South Trigger Lvl1 5 at 3995.804199 36.128029 8423.504883 ori: 0 0 0
2024-05-19T10:14:58Z [SpawnerBubaku] Added trigger to pool 5
2024-05-19T10:14:58Z [SpawnerBubaku] Created trigger Bunker South Trigger Lvl1 6 at 3968.105225 26.370317 8331.210938 ori: 0 0 0
2024-05-19T10:14:58Z [SpawnerBubaku] Added trigger to pool 6
2024-05-19T10:14:58Z [SpawnerBubaku] Created trigger Bunker South Trigger Lvl1 7 at 4003.291504 31.394072 8306.698242 ori: 0 0 0
2024-05-19T10:14:58Z [SpawnerBubaku] Added trigger to pool 7
2024-05-19T10:14:58Z [SpawnerBubaku] Created trigger Bunker South Trigger Lvl1 8 at 3953.878418 26.237793 8360.188477 ori: 0 0 0
2024-05-19T10:14:58Z [SpawnerBubaku] Added trigger to pool 8
2024-05-19T11:16:20Z [SpawnerBubaku] SpawnerBubaku started!
2024-05-19T11:16:20Z [SpawnerBubaku] Created trigger Bunker South Trigger Lvl1 at 4006.961670 39.441139 8156.195801 ori: 0 0 0
2024-05-19T11:16:20Z [SpawnerBubaku] Added trigger to pool 1
2024-05-19T11:16:20Z [SpawnerBubaku] Created trigger Bunker South Trigger Lvl1 2 at 3995.010498 36.134556 8220.761719 ori: 0 0 0
2024-05-19T11:16:20Z [SpawnerBubaku] Added trigger to pool 2
2024-05-19T11:16:20Z [SpawnerBubaku] Created trigger Bunker South Trigger Lvl1 3 at 3982.508301 36.142437 8321.395508 ori: 0 0 0
2024-05-19T11:16:20Z [SpawnerBubaku] Added trigger to pool 3
2024-05-19T11:16:20Z [SpawnerBubaku] Created trigger Bunker South Trigger Lvl1 4 at 4074.528564 43.815228 8561.942383 ori: 0 0 0
2024-05-19T11:16:20Z [SpawnerBubaku] Added trigger to pool 4
2024-05-19T11:16:20Z [SpawnerBubaku] Created trigger Bunker South Trigger Lvl1 5 at 3995.804199 36.128029 8423.504883 ori: 0 0 0
2024-05-19T11:16:20Z [SpawnerBubaku] Added trigger to pool 5
2024-05-19T11:16:20Z [SpawnerBubaku] Created trigger Bunker South Trigger Lvl1 6 at 3968.105225 26.370317 8331.210938 ori: 0 0 0
2024-05-19T11:16:20Z [SpawnerBubaku] Added trigger to pool 6
2024-05-19T11:16:20Z [SpawnerBubaku] Created trigger Bunker South Trigger Lvl1 7 at 4003.291504 31.394072 8306.698242 ori: 0 0 0
2024-05-19T11:16:20Z [SpawnerBubaku] Added trigger to pool 7
2024-05-19T11:16:20Z [SpawnerBubaku] Created trigger Bunker South Trigger Lvl1 8 at 3953.878418 26.237793 8360.188477 ori: 0 0 0
2024-05-19T11:16:20Z [SpawnerBubaku] Added trigger to pool 8
2024-05-19T12:25:38Z [SpawnerBubaku] SpawnerBubaku started!
2024-05-19T12:25:38Z [SpawnerBubaku] Created trigger Bunker South Trigger Lvl1 at 4006.961670 39.441139 8156.195801 ori: 0 0 0
2024-05-19T12:25:38Z [SpawnerBubaku] Added trigger to pool 1
2024-05-19T12:25:38Z [SpawnerBubaku] Created trigger Bunker South Trigger Lvl1 2 at 3995.010498 36.134556 8220.761719 ori: 0 0 0
2024-05-19T12:25:38Z [SpawnerBubaku] Added trigger to pool 2
2024-05-19T12:25:38Z [SpawnerBubaku] Created trigger Bunker South Trigger Lvl1 3 at 3982.508301 36.142437 8321.395508 ori: 0 0 0
2024-05-19T12:25:38Z [SpawnerBubaku] Added trigger to pool 3
2024-05-19T12:25:38Z [SpawnerBubaku] Created trigger Bunker South Trigger Lvl1 4 at 4074.528564 43.815228 8561.942383 ori: 0 0 0
2024-05-19T12:25:38Z [SpawnerBubaku] Added trigger to pool 4
2024-05-19T12:25:38Z [SpawnerBubaku] Created trigger Bunker South Trigger Lvl1 5 at 3995.804199 36.128029 8423.504883 ori: 0 0 0
2024-05-19T12:25:38Z [SpawnerBubaku] Added trigger to pool 5
2024-05-19T12:25:38Z [SpawnerBubaku] Created trigger Bunker South Trigger Lvl1 6 at 3968.105225 26.370317 8331.210938 ori: 0 0 0
2024-05-19T12:25:38Z [SpawnerBubaku] Added trigger to pool 6
2024-05-19T12:25:38Z [SpawnerBubaku] Created trigger Bunker South Trigger Lvl1 7 at 4003.291504 31.394072 8306.698242 ori: 0 0 0
2024-05-19T12:25:38Z [SpawnerBubaku] Added trigger to pool 7
2024-05-19T12:25:38Z [SpawnerBubaku] Created trigger Bunker South Trigger Lvl1 8 at 3953.878418 26.237793 8360.188477 ori: 0 0 0
2024-05-19T12:25:38Z [SpawnerBubaku] Added trigger to pool 8
2024-05-20T02:48:36Z [SpawnerBubaku] SpawnerBubaku started!
2024-05-20T02:48:36Z [SpawnerBubaku] Created trigger Bunker South Trigger Lvl1 at 4006.961670 39.441139 8156.195801 ori: 0 0 0
2024-05-20T02:48:36Z [SpawnerBubaku] Added trigger to pool 1
2024-05-20T02:48:36Z [SpawnerBubaku] Created trigger Bunker South Trigger Lvl1 2 at 3995.010498 36.134556 8220.761719 ori: 0 0 0
2024-05-20T02:48:36Z [SpawnerBubaku] Added trigger to pool 2
2024-05-20T02:48:36Z [SpawnerBubaku] Created trigger Bunker South Trigger Lvl1 3 at 3982.508301 36.142437 8321.395508 ori: 0 0 0
2024-05-20T02:48:36Z [SpawnerBubaku] Added trigger to pool 3
2024-05-20T02:48:36Z [SpawnerBubaku] Created trigger Bunker South Trigger Lvl1 4 at 4074.528564 43.815228 8561.942383 ori: 0 0 0
2024-05-20T02:48:36Z [SpawnerBubaku] Added trigger to pool 4
2024-05-20T02:48:36Z [SpawnerBubaku] Created trigger Bunker South Trigger Lvl1 5 at 3995.804199 36.128029 8423.504883 ori: 0 0 0
2024-05-20T02:48:36Z [SpawnerBubaku] Added trigger to pool 5
2024-05-20T02:48:36Z [SpawnerBubaku] Created trigger Bunker South Trigger Lvl1 6 at 3968.105225 26.370317 8331.210938 ori: 0 0 0
2024-05-20T02:48:36Z [SpawnerBubaku] Added trigger to pool 6
2024-05-20T02:48:36Z [SpawnerBubaku] Created trigger Bunker South Trigger Lvl1 7 at 4003.291504 31.394072 8306.698242 ori: 0 0 0
2024-05-20T02:48:36Z [SpawnerBubaku] Added trigger to pool 7
2024-05-20T02:48:36Z [SpawnerBubaku] Created trigger Bunker South Trigger Lvl1 8 at 3953.878418 26.237793 8360.188477 ori: 0 0 0
2024-05-20T02:48:36Z [SpawnerBubaku] Added trigger to pool 8
2024-05-20T03:13:17Z [SpawnerBubaku] SpawnerBubaku started!
2024-05-20T03:13:17Z [SpawnerBubaku] Created trigger Bunker South Trigger Lvl1 at 4006.961670 39.441139 8156.195801 ori: 0 0 0
2024-05-20T03:13:17Z [SpawnerBubaku] Added trigger to pool 1
2024-05-20T03:13:17Z [SpawnerBubaku] Created trigger Bunker South Trigger Lvl1 2 at 3995.010498 36.134556 8220.761719 ori: 0 0 0
2024-05-20T03:13:17Z [SpawnerBubaku] Added trigger to pool 2
2024-05-20T03:13:17Z [SpawnerBubaku] Created trigger Bunker South Trigger Lvl1 3 at 3982.508301 36.142437 8321.395508 ori: 0 0 0
2024-05-20T03:13:17Z [SpawnerBubaku] Added trigger to pool 3
2024-05-20T03:13:17Z [SpawnerBubaku] Created trigger Bunker South Trigger Lvl1 4 at 4074.528564 43.815228 8561.942383 ori: 0 0 0
2024-05-20T03:13:17Z [SpawnerBubaku] Added trigger to pool 4
2024-05-20T03:13:17Z [SpawnerBubaku] Created trigger Bunker South Trigger Lvl1 5 at 3995.804199 36.128029 8423.504883 ori: 0 0 0
2024-05-20T03:13:17Z [SpawnerBubaku] Added trigger to pool 5
2024-05-20T03:13:17Z [SpawnerBubaku] Created trigger Bunker South Trigger Lvl1 6 at 3968.105225 26.370317 8331.210938 ori: 0 0 0
2024-05-20T03:13:17Z [SpawnerBubaku] Added trigger to pool 6
2024-05-20T03:13:17Z [SpawnerBubaku] Created trigger Bunker South Trigger Lvl1 7 at 4003.291504 31.394072 8306.698242 ori: 0 0 0
2024-05-20T03:13:17Z [SpawnerBubaku] Added trigger to pool 7
2024-05-20T03:13:17Z [SpawnerBubaku] Created trigger Bunker South Trigger Lvl1 8 at 3953.878418 26.237793 8360.188477 ori: 0 0 0
2024-05-20T03:13:17Z [SpawnerBubaku] Added trigger to pool 8
2024-05-20T03:18:03Z [SpawnerBubaku] SpawnerBubaku started!
2024-05-20T03:18:03Z [SpawnerBubaku] Created trigger Bunker South Trigger Lvl1 at 4006.961670 39.441139 8156.195801 ori: 0 0 0
2024-05-20T03:18:03Z [SpawnerBubaku] Added trigger to pool 1
2024-05-20T03:18:03Z [SpawnerBubaku] Created trigger Bunker South Trigger Lvl1 2 at 3995.010498 36.134556 8220.761719 ori: 0 0 0
2024-05-20T03:18:03Z [SpawnerBubaku] Added trigger to pool 2
2024-05-20T03:18:03Z [SpawnerBubaku] Created trigger Bunker South Trigger Lvl1 3 at 3982.508301 36.142437 8321.395508 ori: 0 0 0
2024-05-20T03:18:03Z [SpawnerBubaku] Added trigger to pool 3
2024-05-20T03:18:03Z [SpawnerBubaku] Created trigger Bunker South Trigger Lvl1 4 at 4074.528564 43.815228 8561.942383 ori: 0 0 0
2024-05-20T03:18:03Z [SpawnerBubaku] Added trigger to pool 4
2024-05-20T03:18:03Z [SpawnerBubaku] Created trigger Bunker South Trigger Lvl1 5 at 3995.804199 36.128029 8423.504883 ori: 0 0 0
2024-05-20T03:18:03Z [SpawnerBubaku] Added trigger to pool 5
2024-05-20T03:18:03Z [SpawnerBubaku] Created trigger Bunker South Trigger Lvl1 6 at 3968.105225 26.370317 8331.210938 ori: 0 0 0
2024-05-20T03:18:03Z [SpawnerBubaku] Added trigger to pool 6
2024-05-20T03:18:03Z [SpawnerBubaku] Created trigger Bunker South Trigger Lvl1 7 at 4003.291504 31.394072 8306.698242 ori: 0 0 0
2024-05-20T03:18:03Z [SpawnerBubaku] Added trigger to pool 7
2024-05-20T03:18:03Z [SpawnerBubaku] Created trigger Bunker South Trigger Lvl1 8 at 3953.878418 26.237793 8360.188477 ori: 0 0 0
2024-05-20T03:18:03Z [SpawnerBubaku] Added trigger to pool 8
2024-05-20T03:49:20Z [SpawnerBubaku] SpawnerBubaku started!
2024-05-20T03:49:20Z [SpawnerBubaku] Created trigger Bunker South Trigger Lvl1 at 4006.961670 39.441139 8156.195801 ori: 0 0 0
2024-05-20T03:49:20Z [SpawnerBubaku] Added trigger to pool 1
2024-05-20T03:49:20Z [SpawnerBubaku] Created trigger Bunker South Trigger Lvl1 2 at 3995.010498 36.134556 8220.761719 ori: 0 0 0
2024-05-20T03:49:20Z [SpawnerBubaku] Added trigger to pool 2
2024-05-20T03:49:20Z [SpawnerBubaku] Created trigger Bunker South Trigger Lvl1 3 at 3982.508301 36.142437 8321.395508 ori: 0 0 0
2024-05-20T03:49:20Z [SpawnerBubaku] Added trigger to pool 3
2024-05-20T03:49:20Z [SpawnerBubaku] Created trigger Bunker South Trigger Lvl1 4 at 4074.528564 43.815228 8561.942383 ori: 0 0 0
2024-05-20T03:49:20Z [SpawnerBubaku] Added trigger to pool 4
2024-05-20T03:49:20Z [SpawnerBubaku] Created trigger Bunker South Trigger Lvl1 5 at 3995.804199 36.128029 8423.504883 ori: 0 0 0
2024-05-20T03:49:20Z [SpawnerBubaku] Added trigger to pool 5
2024-05-20T03:49:20Z [SpawnerBubaku] Created trigger Bunker South Trigger Lvl1 6 at 3968.105225 26.370317 8331.210938 ori: 0 0 0
2024-05-20T03:49:20Z [SpawnerBubaku] Added trigger to pool 6
2024-05-20T03:49:20Z [SpawnerBubaku] Created trigger Bunker South Trigger Lvl1 7 at 4003.291504 31.394072 8306.698242 ori: 0 0 0
2024-05-20T03:49:20Z [SpawnerBubaku] Added trigger to pool 7
2024-05-20T03:49:20Z [SpawnerBubaku] Created trigger Bunker South Trigger Lvl1 8 at 3953.878418 26.237793 8360.188477 ori: 0 0 0
2024-05-20T03:49:20Z [SpawnerBubaku] Added trigger to pool 8
